# JRE version: OpenJDK Runtime Environment Temurin-17.0.7+7 (17.0.7+7) (build 17.0.7+7)
# Java VM: OpenJDK 64-Bit Server VM Temurin-17.0.7+7 (17.0.7+7, mixed mode, tiered, compressed oops, compressed class ptrs, parallel gc, windows-amd64)
GC Precious Log:
 CPUs: 4 total, 4 available
 Memory: 8095M
 Large Page Support: Disabled
 NUMA Support: Disabled
 Compressed Oops: Enabled (32-bit)
 Alignments: Space 512K, Generation 512K, Heap 2M
 Heap Min Capacity: 100M
 Heap Initial Capacity: 100M
 Heap Max Capacity: 1G
 Pre-touch: Disabled
 Parallel Workers: 4
Heap:
 PSYoungGen      total 3584K, used 1536K [0x00000000eab00000, 0x00000000eb400000, 0x0000000100000000)
  eden space 2048K, 0% used [0x00000000eab00000,0x00000000eab00000,0x00000000ead00000)
  from space 1536K, 100% used [0x00000000ead00000,0x00000000eae80000,0x00000000eae80000)
  to   space 3584K, 0% used [0x00000000eb080000,0x00000000eb080000,0x00000000eb400000)
 ParOldGen       total 94720K, used 94676K [0x00000000c0000000, 0x00000000c5c80000, 0x00000000eab00000)
  object space 94720K, 99% used [0x00000000c0000000,0x00000000c5c75380,0x00000000c5c80000)
 Metaspace       used 70246K, committed 71168K, reserved 1114112K
  class space    used 6995K, committed 7424K, reserved 1048576K
GC Heap History (20 events):
Event: 17916.226 GC heap after
{Heap after GC invocations=1417 (full 65):
 PSYoungGen      total 4096K, used 1024K [0x00000000eab00000, 0x00000000eb300000, 0x0000000100000000)
  eden space 3072K, 0% used [0x00000000eab00000,0x00000000eab00000,0x00000000eae00000)
  from space 1024K, 100% used [0x00000000eb100000,0x00000000eb200000,0x00000000eb200000)
  to   space 2560K, 0% used [0x00000000eae00000,0x00000000eae00000,0x00000000eb080000)
 ParOldGen       total 94208K, used 85300K [0x00000000c0000000, 0x00000000c5c00000, 0x00000000eab00000)
  object space 94208K, 90% used [0x00000000c0000000,0x00000000c534d2a0,0x00000000c5c00000)
 Metaspace       used 70242K, committed 71168K, reserved 1114112K
  class space    used 6995K, committed 7424K, reserved 1048576K
}
Event: 17916.236 GC heap before
{Heap before GC invocations=1418 (full 65):
 PSYoungGen      total 4096K, used 4096K [0x00000000eab00000, 0x00000000eb300000, 0x0000000100000000)
  eden space 3072K, 100% used [0x00000000eab00000,0x00000000eae00000,0x00000000eae00000)
  from space 1024K, 100% used [0x00000000eb100000,0x00000000eb200000,0x00000000eb200000)
  to   space 2560K, 0% used [0x00000000eae00000,0x00000000eae00000,0x00000000eb080000)
 ParOldGen       total 94208K, used 85300K [0x00000000c0000000, 0x00000000c5c00000, 0x00000000eab00000)
  object space 94208K, 90% used [0x00000000c0000000,0x00000000c534d2a0,0x00000000c5c00000)
 Metaspace       used 70242K, committed 71168K, reserved 1114112K
  class space    used 6995K, committed 7424K, reserved 1048576K
}
Event: 17916.239 GC heap after
{Heap after GC invocations=1418 (full 65):
 PSYoungGen      total 5120K, used 1600K [0x00000000eab00000, 0x00000000eb200000, 0x0000000100000000)
  eden space 3072K, 0% used [0x00000000eab00000,0x00000000eab00000,0x00000000eae00000)
  from space 2048K, 78% used [0x00000000eae00000,0x00000000eaf90000,0x00000000eb000000)
  to   space 2048K, 0% used [0x00000000eb000000,0x00000000eb000000,0x00000000eb200000)
 ParOldGen       total 94208K, used 86268K [0x00000000c0000000, 0x00000000c5c00000, 0x00000000eab00000)
  object space 94208K, 91% used [0x00000000c0000000,0x00000000c543f2d0,0x00000000c5c00000)
 Metaspace       used 70242K, committed 71168K, reserved 1114112K
  class space    used 6995K, committed 7424K, reserved 1048576K
}
Event: 17916.246 GC heap before
{Heap before GC invocations=1419 (full 65):
 PSYoungGen      total 5120K, used 4672K [0x00000000eab00000, 0x00000000eb200000, 0x0000000100000000)
  eden space 3072K, 100% used [0x00000000eab00000,0x00000000eae00000,0x00000000eae00000)
  from space 2048K, 78% used [0x00000000eae00000,0x00000000eaf90000,0x00000000eb000000)
  to   space 2048K, 0% used [0x00000000eb000000,0x00000000eb000000,0x00000000eb200000)
 ParOldGen       total 94208K, used 86268K [0x00000000c0000000, 0x00000000c5c00000, 0x00000000eab00000)
  object space 94208K, 91% used [0x00000000c0000000,0x00000000c543f2d0,0x00000000c5c00000)
 Metaspace       used 70242K, committed 71168K, reserved 1114112K
  class space    used 6995K, committed 7424K, reserved 1048576K
}
Event: 17916.251 GC heap after
{Heap after GC invocations=1419 (full 65):
 PSYoungGen      total 3072K, used 2048K [0x00000000eab00000, 0x00000000eb700000, 0x0000000100000000)
  eden space 1024K, 0% used [0x00000000eab00000,0x00000000eab00000,0x00000000eac00000)
  from space 2048K, 100% used [0x00000000eb000000,0x00000000eb200000,0x00000000eb200000)
  to   space 4096K, 0% used [0x00000000eac00000,0x00000000eac00000,0x00000000eb000000)
 ParOldGen       total 94208K, used 87840K [0x00000000c0000000, 0x00000000c5c00000, 0x00000000eab00000)
  object space 94208K, 93% used [0x00000000c0000000,0x00000000c55c82e0,0x00000000c5c00000)
 Metaspace       used 70242K, committed 71168K, reserved 1114112K
  class space    used 6995K, committed 7424K, reserved 1048576K
}
Event: 17916.255 GC heap before
{Heap before GC invocations=1420 (full 65):
 PSYoungGen      total 3072K, used 3072K [0x00000000eab00000, 0x00000000eb700000, 0x0000000100000000)
  eden space 1024K, 100% used [0x00000000eab00000,0x00000000eac00000,0x00000000eac00000)
  from space 2048K, 100% used [0x00000000eb000000,0x00000000eb200000,0x00000000eb200000)
  to   space 4096K, 0% used [0x00000000eac00000,0x00000000eac00000,0x00000000eb000000)
 ParOldGen       total 94208K, used 87840K [0x00000000c0000000, 0x00000000c5c00000, 0x00000000eab00000)
  object space 94208K, 93% used [0x00000000c0000000,0x00000000c55c82e0,0x00000000c5c00000)
 Metaspace       used 70242K, committed 71168K, reserved 1114112K
  class space    used 6995K, committed 7424K, reserved 1048576K
}
Event: 17916.258 GC heap after
{Heap after GC invocations=1420 (full 65):
 PSYoungGen      total 1536K, used 384K [0x00000000eab00000, 0x00000000eb080000, 0x0000000100000000)
  eden space 1024K, 0% used [0x00000000eab00000,0x00000000eab00000,0x00000000eac00000)
  from space 512K, 75% used [0x00000000eac00000,0x00000000eac60000,0x00000000eac80000)
  to   space 2048K, 0% used [0x00000000eae80000,0x00000000eae80000,0x00000000eb080000)
 ParOldGen       total 94208K, used 89912K [0x00000000c0000000, 0x00000000c5c00000, 0x00000000eab00000)
  object space 94208K, 95% used [0x00000000c0000000,0x00000000c57ce2e0,0x00000000c5c00000)
 Metaspace       used 70242K, committed 71168K, reserved 1114112K
  class space    used 6995K, committed 7424K, reserved 1048576K
}
Event: 17916.260 GC heap before
{Heap before GC invocations=1421 (full 65):
 PSYoungGen      total 1536K, used 1408K [0x00000000eab00000, 0x00000000eb080000, 0x0000000100000000)
  eden space 1024K, 100% used [0x00000000eab00000,0x00000000eac00000,0x00000000eac00000)
  from space 512K, 75% used [0x00000000eac00000,0x00000000eac60000,0x00000000eac80000)
  to   space 2048K, 0% used [0x00000000eae80000,0x00000000eae80000,0x00000000eb080000)
 ParOldGen       total 94208K, used 89912K [0x00000000c0000000, 0x00000000c5c00000, 0x00000000eab00000)
  object space 94208K, 95% used [0x00000000c0000000,0x00000000c57ce2e0,0x00000000c5c00000)
 Metaspace       used 70242K, committed 71168K, reserved 1114112K
  class space    used 6995K, committed 7424K, reserved 1048576K
}
Event: 17916.262 GC heap after
{Heap after GC invocations=1421 (full 65):
 PSYoungGen      total 2560K, used 704K [0x00000000eab00000, 0x00000000eaf80000, 0x0000000100000000)
  eden space 1536K, 0% used [0x00000000eab00000,0x00000000eab00000,0x00000000eac80000)
  from space 1024K, 68% used [0x00000000eae80000,0x00000000eaf30000,0x00000000eaf80000)
  to   space 1024K, 0% used [0x00000000ead80000,0x00000000ead80000,0x00000000eae80000)
 ParOldGen       total 94208K, used 90248K [0x00000000c0000000, 0x00000000c5c00000, 0x00000000eab00000)
  object space 94208K, 95% used [0x00000000c0000000,0x00000000c5822310,0x00000000c5c00000)
 Metaspace       used 70242K, committed 71168K, reserved 1114112K
  class space    used 6995K, committed 7424K, reserved 1048576K
}
Event: 17916.267 GC heap before
{Heap before GC invocations=1422 (full 65):
 PSYoungGen      total 2560K, used 2240K [0x00000000eab00000, 0x00000000eaf80000, 0x0000000100000000)
  eden space 1536K, 100% used [0x00000000eab00000,0x00000000eac80000,0x00000000eac80000)
  from space 1024K, 68% used [0x00000000eae80000,0x00000000eaf30000,0x00000000eaf80000)
  to   space 1024K, 0% used [0x00000000ead80000,0x00000000ead80000,0x00000000eae80000)
 ParOldGen       total 94208K, used 90248K [0x00000000c0000000, 0x00000000c5c00000, 0x00000000eab00000)
  object space 94208K, 95% used [0x00000000c0000000,0x00000000c5822310,0x00000000c5c00000)
 Metaspace       used 70242K, committed 71168K, reserved 1114112K
  class space    used 6995K, committed 7424K, reserved 1048576K
}
Event: 17916.269 GC heap after
{Heap after GC invocations=1422 (full 65):
 PSYoungGen      total 3072K, used 384K [0x00000000eab00000, 0x00000000eaf00000, 0x0000000100000000)
  eden space 2048K, 0% used [0x00000000eab00000,0x00000000eab00000,0x00000000ead00000)
  from space 1024K, 37% used [0x00000000ead80000,0x00000000eade0000,0x00000000eae80000)
  to   space 512K, 0% used [0x00000000eae80000,0x00000000eae80000,0x00000000eaf00000)
 ParOldGen       total 94208K, used 90912K [0x00000000c0000000, 0x00000000c5c00000, 0x00000000eab00000)
  object space 94208K, 96% used [0x00000000c0000000,0x00000000c58c8310,0x00000000c5c00000)
 Metaspace       used 70242K, committed 71168K, reserved 1114112K
  class space    used 6995K, committed 7424K, reserved 1048576K
}
Event: 17916.295 GC heap before
{Heap before GC invocations=1423 (full 65):
 PSYoungGen      total 3072K, used 2432K [0x00000000eab00000, 0x00000000eaf00000, 0x0000000100000000)
  eden space 2048K, 100% used [0x00000000eab00000,0x00000000ead00000,0x00000000ead00000)
  from space 1024K, 37% used [0x00000000ead80000,0x00000000eade0000,0x00000000eae80000)
  to   space 512K, 0% used [0x00000000eae80000,0x00000000eae80000,0x00000000eaf00000)
 ParOldGen       total 94208K, used 90912K [0x00000000c0000000, 0x00000000c5c00000, 0x00000000eab00000)
  object space 94208K, 96% used [0x00000000c0000000,0x00000000c58c8310,0x00000000c5c00000)
 Metaspace       used 70244K, committed 71168K, reserved 1114112K
  class space    used 6995K, committed 7424K, reserved 1048576K
}
Event: 17916.298 GC heap after
{Heap after GC invocations=1423 (full 65):
 PSYoungGen      total 2560K, used 512K [0x00000000eab00000, 0x00000000eb080000, 0x0000000100000000)
  eden space 2048K, 0% used [0x00000000eab00000,0x00000000eab00000,0x00000000ead00000)
  from space 512K, 100% used [0x00000000eae80000,0x00000000eaf00000,0x00000000eaf00000)
  to   space 1536K, 0% used [0x00000000ead00000,0x00000000ead00000,0x00000000eae80000)
 ParOldGen       total 94208K, used 91426K [0x00000000c0000000, 0x00000000c5c00000, 0x00000000eab00000)
  object space 94208K, 97% used [0x00000000c0000000,0x00000000c5948aa0,0x00000000c5c00000)
 Metaspace       used 70244K, committed 71168K, reserved 1114112K
  class space    used 6995K, committed 7424K, reserved 1048576K
}
Event: 17916.318 GC heap before
{Heap before GC invocations=1424 (full 65):
 PSYoungGen      total 2560K, used 2560K [0x00000000eab00000, 0x00000000eb080000, 0x0000000100000000)
  eden space 2048K, 100% used [0x00000000eab00000,0x00000000ead00000,0x00000000ead00000)
  from space 512K, 100% used [0x00000000eae80000,0x00000000eaf00000,0x00000000eaf00000)
  to   space 1536K, 0% used [0x00000000ead00000,0x00000000ead00000,0x00000000eae80000)
 ParOldGen       total 94208K, used 91426K [0x00000000c0000000, 0x00000000c5c00000, 0x00000000eab00000)
  object space 94208K, 97% used [0x00000000c0000000,0x00000000c5948aa0,0x00000000c5c00000)
 Metaspace       used 70244K, committed 71168K, reserved 1114112K
  class space    used 6995K, committed 7424K, reserved 1048576K
}
Event: 17916.320 GC heap after
{Heap after GC invocations=1424 (full 65):
 PSYoungGen      total 3584K, used 1088K [0x00000000eab00000, 0x00000000eb000000, 0x0000000100000000)
  eden space 2048K, 0% used [0x00000000eab00000,0x00000000eab00000,0x00000000ead00000)
  from space 1536K, 70% used [0x00000000ead00000,0x00000000eae10000,0x00000000eae80000)
  to   space 1536K, 0% used [0x00000000eae80000,0x00000000eae80000,0x00000000eb000000)
 ParOldGen       total 94208K, used 91954K [0x00000000c0000000, 0x00000000c5c00000, 0x00000000eab00000)
  object space 94208K, 97% used [0x00000000c0000000,0x00000000c59ccaa0,0x00000000c5c00000)
 Metaspace       used 70244K, committed 71168K, reserved 1114112K
  class space    used 6995K, committed 7424K, reserved 1048576K
}
Event: 17999.751 GC heap before
{Heap before GC invocations=1425 (full 65):
 PSYoungGen      total 3584K, used 3136K [0x00000000eab00000, 0x00000000eb000000, 0x0000000100000000)
  eden space 2048K, 100% used [0x00000000eab00000,0x00000000ead00000,0x00000000ead00000)
  from space 1536K, 70% used [0x00000000ead00000,0x00000000eae10000,0x00000000eae80000)
  to   space 1536K, 0% used [0x00000000eae80000,0x00000000eae80000,0x00000000eb000000)
 ParOldGen       total 94208K, used 91954K [0x00000000c0000000, 0x00000000c5c00000, 0x00000000eab00000)
  object space 94208K, 97% used [0x00000000c0000000,0x00000000c59ccaa0,0x00000000c5c00000)
 Metaspace       used 70246K, committed 71168K, reserved 1114112K
  class space    used 6995K, committed 7424K, reserved 1048576K
}
Event: 17999.754 GC heap after
{Heap after GC invocations=1425 (full 65):
 PSYoungGen      total 3584K, used 1220K [0x00000000eab00000, 0x00000000eb000000, 0x0000000100000000)
  eden space 2048K, 0% used [0x00000000eab00000,0x00000000eab00000,0x00000000ead00000)
  from space 1536K, 79% used [0x00000000eae80000,0x00000000eafb1080,0x00000000eb000000)
  to   space 1536K, 0% used [0x00000000ead00000,0x00000000ead00000,0x00000000eae80000)
 ParOldGen       total 94208K, used 93010K [0x00000000c0000000, 0x00000000c5c00000, 0x00000000eab00000)
  object space 94208K, 98% used [0x00000000c0000000,0x00000000c5ad4ab0,0x00000000c5c00000)
 Metaspace       used 70246K, committed 71168K, reserved 1114112K
  class space    used 6995K, committed 7424K, reserved 1048576K
}
Event: 17999.762 GC heap before
{Heap before GC invocations=1426 (full 65):
 PSYoungGen      total 3584K, used 3268K [0x00000000eab00000, 0x00000000eb000000, 0x0000000100000000)
  eden space 2048K, 100% used [0x00000000eab00000,0x00000000ead00000,0x00000000ead00000)
  from space 1536K, 79% used [0x00000000eae80000,0x00000000eafb1080,0x00000000eb000000)
  to   space 1536K, 0% used [0x00000000ead00000,0x00000000ead00000,0x00000000eae80000)
 ParOldGen       total 94208K, used 93010K [0x00000000c0000000, 0x00000000c5c00000, 0x00000000eab00000)
  object space 94208K, 98% used [0x00000000c0000000,0x00000000c5ad4ab0,0x00000000c5c00000)
 Metaspace       used 70246K, committed 71168K, reserved 1114112K
  class space    used 6995K, committed 7424K, reserved 1048576K
}
Event: 17999.765 GC heap after
{Heap after GC invocations=1426 (full 65):
 PSYoungGen      total 3584K, used 1536K [0x00000000eab00000, 0x00000000eb400000, 0x0000000100000000)
  eden space 2048K, 0% used [0x00000000eab00000,0x00000000eab00000,0x00000000ead00000)
  from space 1536K, 100% used [0x00000000ead00000,0x00000000eae80000,0x00000000eae80000)
  to   space 3584K, 0% used [0x00000000eb080000,0x00000000eb080000,0x00000000eb400000)
 ParOldGen       total 94720K, used 94676K [0x00000000c0000000, 0x00000000c5c80000, 0x00000000eab00000)
  object space 94720K, 99% used [0x00000000c0000000,0x00000000c5c75380,0x00000000c5c80000)
 Metaspace       used 70246K, committed 71168K, reserved 1114112K
  class space    used 6995K, committed 7424K, reserved 1048576K
}
Event: 17999.765 GC heap before
{Heap before GC invocations=1427 (full 66):
 PSYoungGen      total 3584K, used 1536K [0x00000000eab00000, 0x00000000eb400000, 0x0000000100000000)
  eden space 2048K, 0% used [0x00000000eab00000,0x00000000eab00000,0x00000000ead00000)
  from space 1536K, 100% used [0x00000000ead00000,0x00000000eae80000,0x00000000eae80000)
  to   space 3584K, 0% used [0x00000000eb080000,0x00000000eb080000,0x00000000eb400000)
 ParOldGen       total 94720K, used 94676K [0x00000000c0000000, 0x00000000c5c80000, 0x00000000eab00000)
  object space 94720K, 99% used [0x00000000c0000000,0x00000000c5c75380,0x00000000c5c80000)
 Metaspace       used 70246K, committed 71168K, reserved 1114112K
  class space    used 6995K, committed 7424K, reserved 1048576K
}

